[debug] [2024-07-04T07:33:36.344Z] ----------------------------------------------------------------------
[debug] [2024-07-04T07:33:36.346Z] Command:       /opt/homebrew/Cellar/node/22.2.0/bin/node /opt/homebrew/bin/firebase init
[debug] [2024-07-04T07:33:36.347Z] CLI Version:   13.13.0
[debug] [2024-07-04T07:33:36.347Z] Platform:      darwin
[debug] [2024-07-04T07:33:36.347Z] Node Version:  v22.2.0
[debug] [2024-07-04T07:33:36.347Z] Time:          Thu Jul 04 2024 16:33:36 GMT+0900 (대한민국 표준시)
[debug] [2024-07-04T07:33:36.347Z] ----------------------------------------------------------------------
[debug] 
[debug] [2024-07-04T07:33:36.352Z] > command requires scopes: ["email","openid","https://www.googleapis.com/auth/cloudplatformprojects.readonly","https://www.googleapis.com/auth/firebase","https://www.googleapis.com/auth/cloud-platform"]
[debug] [2024-07-04T07:33:36.352Z] > authorizing via signed-in user (sks0099986@gmail.com)
[info] 
     ######## #### ########  ######## ########     ###     ######  ########
     ##        ##  ##     ## ##       ##     ##  ##   ##  ##       ##
     ######    ##  ########  ######   ########  #########  ######  ######
     ##        ##  ##    ##  ##       ##     ## ##     ##       ## ##
     ##       #### ##     ## ######## ########  ##     ##  ######  ########

You're about to initialize a Firebase project in this directory:

  /Users/simseong-yong/Documents/GitHub/2nd_project/gundam

[info] 
=== Project Setup
[info] 
[info] First, let's associate this project directory with a Firebase project.
[info] You can create multiple project aliases by running firebase use --add, 
[info] but for now we'll just set up a default project.
[info] 
[info] i  If you want to create a project in a Google Cloud organization or folder, please use "firebase projects:create" instead, and return to this command when you've created the project. 
[debug] [2024-07-04T07:34:32.679Z] >>> [apiv2][query] POST https://cloudresourcemanager.googleapis.com/v1/projects [none]
[debug] [2024-07-04T07:34:32.679Z] >>> [apiv2][body] POST https://cloudresourcemanager.googleapis.com/v1/projects {"projectId":"(coding)","name":"coding"}
[debug] [2024-07-04T07:34:33.586Z] <<< [apiv2][status] POST https://cloudresourcemanager.googleapis.com/v1/projects 400
[debug] [2024-07-04T07:34:33.586Z] <<< [apiv2][body] POST https://cloudresourcemanager.googleapis.com/v1/projects {"error":{"code":400,"message":"field [project_id] has issue [project_id contains invalid characters]","status":"INVALID_ARGUMENT","details":[{"@type":"type.googleapis.com/google.rpc.BadRequest","fieldViolations":[{"field":"project_id","description":"project_id contains invalid characters"}]},{"@type":"type.googleapis.com/google.rpc.Help","links":[{"url":"https://cloud.google.com/resource-manager/reference/rest/v1/projects"}]}]}}
[debug] [2024-07-04T07:34:33.798Z] FirebaseError: HTTP Error: 400, field [project_id] has issue [project_id contains invalid characters]
    at responseToError (/opt/homebrew/lib/node_modules/firebase-tools/lib/responseToError.js:49:12)
    at RetryOperation._fn (/opt/homebrew/lib/node_modules/firebase-tools/lib/apiv2.js:305:77)
    at process.processTicksAndRejections (node:internal/process/task_queues:95:5)
[error] 
[error] Error: Failed to create project. See firebase-debug.log for more info.
